c:\users\yey\source\repos\related_to_registry_and_environmentvalue_2017\related_to_registry_and_envirmentvalue\x64\release\related_to_registry_and_envirmentvalue.pch
c:\users\yey\source\repos\related_to_registry_and_environmentvalue_2017\related_to_registry_and_envirmentvalue\x64\release\vc141.pdb
c:\users\yey\source\repos\related_to_registry_and_environmentvalue_2017\related_to_registry_and_envirmentvalue\x64\release\pch.obj
c:\users\yey\source\repos\related_to_registry_and_environmentvalue_2017\related_to_registry_and_envirmentvalue\x64\release\related_to_registry_and_envirmentvaluedlg.obj
c:\users\yey\source\repos\related_to_registry_and_environmentvalue_2017\related_to_registry_and_envirmentvalue\x64\release\related_to_registry_and_envirmentvalue.obj
c:\users\yey\source\repos\related_to_registry_and_environmentvalue_2017\x64\release\related_to_registry_and_envirmentvalue.exe
c:\users\yey\source\repos\related_to_registry_and_environmentvalue_2017\x64\release\related_to_registry_and_envirmentvalue.pdb
c:\users\yey\source\repos\related_to_registry_and_environmentvalue_2017\related_to_registry_and_envirmentvalue\x64\release\relatedtoregistryandenvirmentvalue.res
c:\users\yey\source\repos\related_to_registry_and_environmentvalue_2017\x64\release\related_to_registry_and_envirmentvalue.ipdb
c:\users\yey\source\repos\related_to_registry_and_environmentvalue_2017\x64\release\related_to_registry_and_envirmentvalue.iobj
c:\users\yey\source\repos\related_to_registry_and_environmentvalue_2017\related_to_registry_and_envirmentvalue\x64\release\related_.cbfa909e.tlog\cl.command.1.tlog
c:\users\yey\source\repos\related_to_registry_and_environmentvalue_2017\related_to_registry_and_envirmentvalue\x64\release\related_.cbfa909e.tlog\cl.read.1.tlog
c:\users\yey\source\repos\related_to_registry_and_environmentvalue_2017\related_to_registry_and_envirmentvalue\x64\release\related_.cbfa909e.tlog\cl.write.1.tlog
c:\users\yey\source\repos\related_to_registry_and_environmentvalue_2017\related_to_registry_and_envirmentvalue\x64\release\related_.cbfa909e.tlog\link.command.1.tlog
c:\users\yey\source\repos\related_to_registry_and_environmentvalue_2017\related_to_registry_and_envirmentvalue\x64\release\related_.cbfa909e.tlog\link.read.1.tlog
c:\users\yey\source\repos\related_to_registry_and_environmentvalue_2017\related_to_registry_and_envirmentvalue\x64\release\related_.cbfa909e.tlog\link.write.1.tlog
c:\users\yey\source\repos\related_to_registry_and_environmentvalue_2017\related_to_registry_and_envirmentvalue\x64\release\related_.cbfa909e.tlog\rc.command.1.tlog
c:\users\yey\source\repos\related_to_registry_and_environmentvalue_2017\related_to_registry_and_envirmentvalue\x64\release\related_.cbfa909e.tlog\rc.read.1.tlog
c:\users\yey\source\repos\related_to_registry_and_environmentvalue_2017\related_to_registry_and_envirmentvalue\x64\release\related_.cbfa909e.tlog\rc.write.1.tlog
c:\users\yey\source\repos\related_to_registry_and_environmentvalue_2017\related_to_registry_and_envirmentvalue\x64\release\related_.cbfa909e.tlog\related_to_registry_and_envirmentvalue.write.1u.tlog
